{"level":"info","message":"🚀 Server running on port 3000","timestamp":"2026-07-04T05:15:22.093Z"}
{"level":"error","message":"Error: All available vendors failed or were filtered out.","path":"/route","stack":"RoutingExhaustedError: All available vendors failed or were filtered out.\n    at routeRequest (/Users/pamidirohit/Desktop/SIGNZY/vendor-routing-platform/src/modules/routing/routing.service.js:196:11)\n    at routeRequestHandler (/Users/pamidirohit/Desktop/SIGNZY/vendor-routing-platform/src/modules/routing/routing.controller.js:5:18)","timestamp":"2026-07-04T05:26:43.666Z"}
{"duration":2025,"ip":"::ffff:127.0.0.1","level":"info","message":"POST /route 503 2025ms","method":"POST","status":503,"timestamp":"2026-07-04T05:26:43.672Z","url":"/route"}
{"level":"error","message":"Error: All available vendors failed or were filtered out.","path":"/route","stack":"RoutingExhaustedError: All available vendors failed or were filtered out.\n    at routeRequest (/Users/pamidirohit/Desktop/SIGNZY/vendor-routing-platform/src/modules/routing/routing.service.js:196:11)\n    at routeRequestHandler (/Users/pamidirohit/Desktop/SIGNZY/vendor-routing-platform/src/modules/routing/routing.controller.js:5:18)","timestamp":"2026-07-04T05:26:45.692Z"}
{"duration":2007,"ip":"::ffff:127.0.0.1","level":"info","message":"POST /route 503 2007ms","method":"POST","status":503,"timestamp":"2026-07-04T05:26:45.693Z","url":"/route"}
{"duration":120,"ip":"::1","level":"info","message":"POST /simulate/SimVendorA/verify?capability=TEST_CAPABILITY 200 120ms","method":"POST","status":200,"timestamp":"2026-07-04T05:27:26.753Z","url":"/simulate/SimVendorA/verify?capability=TEST_CAPABILITY"}
{"duration":135,"ip":"::ffff:127.0.0.1","level":"info","message":"POST /route 200 135ms","method":"POST","status":200,"timestamp":"2026-07-04T05:27:26.758Z","url":"/route"}
{"duration":101,"ip":"::1","level":"info","message":"POST /simulate/SimVendorA/verify?isDown=true&capability=TEST_CAPABILITY 503 101ms","method":"POST","status":503,"timestamp":"2026-07-04T05:27:26.865Z","url":"/simulate/SimVendorA/verify?isDown=true&capability=TEST_CAPABILITY"}
{"duration":101,"ip":"::1","level":"info","message":"POST /simulate/SimVendorB/verify?capability=TEST_CAPABILITY 200 101ms","method":"POST","status":200,"timestamp":"2026-07-04T05:27:26.975Z","url":"/simulate/SimVendorB/verify?capability=TEST_CAPABILITY"}
{"duration":217,"ip":"::ffff:127.0.0.1","level":"info","message":"POST /route 200 217ms","method":"POST","status":200,"timestamp":"2026-07-04T05:27:26.979Z","url":"/route"}
{"level":"info","message":"🚀 Server running on port 3000","timestamp":"2026-07-04T06:18:57.672Z"}
{"duration":3685,"ip":"::1","level":"info","message":"POST /agent/recommend-strategy 200 3685ms","method":"POST","status":200,"timestamp":"2026-07-04T06:19:17.013Z","url":"/agent/recommend-strategy"}
{"duration":797,"ip":"::1","level":"info","message":"POST /agent/generate-config 200 797ms","method":"POST","status":200,"timestamp":"2026-07-04T06:19:27.440Z","url":"/agent/generate-config"}
{"duration":4,"ip":"::1","level":"info","message":"POST /vendors 201 4ms","method":"POST","status":201,"timestamp":"2026-07-04T06:19:43.411Z","url":"/vendors"}
{"duration":84,"ip":"::1","level":"info","message":"POST /simulate/SimVendorA/verify?capability=TEST_CAPABILITY 200 84ms","method":"POST","status":200,"timestamp":"2026-07-04T06:19:51.794Z","url":"/simulate/SimVendorA/verify?capability=TEST_CAPABILITY"}
{"duration":97,"ip":"::ffff:127.0.0.1","level":"info","message":"POST /route 200 97ms","method":"POST","status":200,"timestamp":"2026-07-04T06:19:51.798Z","url":"/route"}
{"duration":106,"ip":"::1","level":"info","message":"POST /simulate/SimVendorA/verify?isDown=true&capability=TEST_CAPABILITY 503 106ms","method":"POST","status":503,"timestamp":"2026-07-04T06:19:51.911Z","url":"/simulate/SimVendorA/verify?isDown=true&capability=TEST_CAPABILITY"}
{"duration":98,"ip":"::1","level":"info","message":"POST /simulate/SimVendorB/verify?capability=TEST_CAPABILITY 200 98ms","method":"POST","status":200,"timestamp":"2026-07-04T06:19:52.017Z","url":"/simulate/SimVendorB/verify?capability=TEST_CAPABILITY"}
{"duration":221,"ip":"::ffff:127.0.0.1","level":"info","message":"POST /route 200 221ms","method":"POST","status":200,"timestamp":"2026-07-04T06:19:52.023Z","url":"/route"}
{"duration":1480,"ip":"::1","level":"info","message":"POST /agent/explain-decision 200 1480ms","method":"POST","status":200,"timestamp":"2026-07-04T06:21:54.206Z","url":"/agent/explain-decision"}
{"duration":1895,"ip":"::1","level":"info","message":"POST /agent/suggest-fallback-rules 200 1895ms","method":"POST","status":200,"timestamp":"2026-07-04T06:22:06.903Z","url":"/agent/suggest-fallback-rules"}
{"duration":1525,"ip":"::1","level":"info","message":"GET /agent/detect-unhealthy 200 1525ms","method":"GET","status":200,"timestamp":"2026-07-04T06:22:16.314Z","url":"/agent/detect-unhealthy"}
{"duration":119,"ip":"::1","level":"info","message":"POST /simulate/SimVendorA/verify?capability=TEST_CAPABILITY 200 119ms","method":"POST","status":200,"timestamp":"2026-07-04T06:22:47.998Z","url":"/simulate/SimVendorA/verify?capability=TEST_CAPABILITY"}
{"duration":137,"ip":"::ffff:127.0.0.1","level":"info","message":"POST /route 200 137ms","method":"POST","status":200,"timestamp":"2026-07-04T06:22:48.005Z","url":"/route"}
{"duration":102,"ip":"::1","level":"info","message":"POST /simulate/SimVendorA/verify?isDown=true&capability=TEST_CAPABILITY 503 102ms","method":"POST","status":503,"timestamp":"2026-07-04T06:22:48.117Z","url":"/simulate/SimVendorA/verify?isDown=true&capability=TEST_CAPABILITY"}
{"duration":113,"ip":"::1","level":"info","message":"POST /simulate/SimVendorB/verify?capability=TEST_CAPABILITY 200 113ms","method":"POST","status":200,"timestamp":"2026-07-04T06:22:48.240Z","url":"/simulate/SimVendorB/verify?capability=TEST_CAPABILITY"}
{"duration":235,"ip":"::ffff:127.0.0.1","level":"info","message":"POST /route 200 235ms","method":"POST","status":200,"timestamp":"2026-07-04T06:22:48.247Z","url":"/route"}
{"duration":106,"ip":"::1","level":"info","message":"POST /simulate/SimVendorA/verify?capability=TEST_CAPABILITY 200 106ms","method":"POST","status":200,"timestamp":"2026-07-04T06:25:33.577Z","url":"/simulate/SimVendorA/verify?capability=TEST_CAPABILITY"}
{"duration":119,"ip":"::ffff:127.0.0.1","level":"info","message":"POST /route 200 119ms","method":"POST","status":200,"timestamp":"2026-07-04T06:25:33.581Z","url":"/route"}
{"duration":120,"ip":"::1","level":"info","message":"POST /simulate/SimVendorA/verify?isDown=true&capability=TEST_CAPABILITY 503 120ms","method":"POST","status":503,"timestamp":"2026-07-04T06:25:33.707Z","url":"/simulate/SimVendorA/verify?isDown=true&capability=TEST_CAPABILITY"}
{"duration":99,"ip":"::1","level":"info","message":"POST /simulate/SimVendorB/verify?capability=TEST_CAPABILITY 200 99ms","method":"POST","status":200,"timestamp":"2026-07-04T06:25:33.814Z","url":"/simulate/SimVendorB/verify?capability=TEST_CAPABILITY"}
{"duration":234,"ip":"::ffff:127.0.0.1","level":"info","message":"POST /route 200 234ms","method":"POST","status":200,"timestamp":"2026-07-04T06:25:33.819Z","url":"/route"}
{"duration":1025,"ip":"::1","level":"info","message":"POST /agent/recommend-strategy 200 1025ms","method":"POST","status":200,"timestamp":"2026-07-04T06:27:07.454Z","url":"/agent/recommend-strategy"}
{"duration":7,"ip":"::1","level":"info","message":"GET /health 200 7ms","method":"GET","status":200,"timestamp":"2026-07-04T07:26:11.304Z","url":"/health"}
{"duration":5,"ip":"::1","level":"info","message":"POST /vendors 201 5ms","method":"POST","status":201,"timestamp":"2026-07-04T07:28:33.540Z","url":"/vendors"}
{"level":"error","message":"Error: Cannot set property query of #<IncomingMessage> which has only a getter","path":"/vendors","stack":"TypeError: Cannot set property query of #<IncomingMessage> which has only a getter\n    at file:///Users/pamidirohit/Desktop/SIGNZY/vendor-routing-platform/src/middlewares/validate.js:16:21\n    at Layer.handleRequest (/Users/pamidirohit/Desktop/SIGNZY/vendor-routing-platform/node_modules/router/lib/layer.js:152:17)\n    at next (/Users/pamidirohit/Desktop/SIGNZY/vendor-routing-platform/node_modules/router/lib/route.js:157:13)\n    at Route.dispatch (/Users/pamidirohit/Desktop/SIGNZY/vendor-routing-platform/node_modules/router/lib/route.js:117:3)\n    at handle (/Users/pamidirohit/Desktop/SIGNZY/vendor-routing-platform/node_modules/router/index.js:435:11)\n    at Layer.handleRequest (/Users/pamidirohit/Desktop/SIGNZY/vendor-routing-platform/node_modules/router/lib/layer.js:152:17)\n    at /Users/pamidirohit/Desktop/SIGNZY/vendor-routing-platform/node_modules/router/index.js:295:15\n    at processParams (/Users/pamidirohit/Desktop/SIGNZY/vendor-routing-platform/node_modules/router/index.js:582:12)\n    at next (/Users/pamidirohit/Desktop/SIGNZY/vendor-routing-platform/node_modules/router/index.js:291:5)\n    at router.handle (/Users/pamidirohit/Desktop/SIGNZY/vendor-routing-platform/node_modules/router/index.js:186:3)","timestamp":"2026-07-04T07:29:49.647Z"}
{"duration":3,"ip":"::1","level":"info","message":"GET /vendors?capability=PAN_VERIFICATION 500 3ms","method":"GET","status":500,"timestamp":"2026-07-04T07:29:49.648Z","url":"/vendors?capability=PAN_VERIFICATION"}
{"level":"error","message":"Error: Cannot set property query of #<IncomingMessage> which has only a getter","path":"/vendors","stack":"TypeError: Cannot set property query of #<IncomingMessage> which has only a getter\n    at file:///Users/pamidirohit/Desktop/SIGNZY/vendor-routing-platform/src/middlewares/validate.js:16:21\n    at Layer.handleRequest (/Users/pamidirohit/Desktop/SIGNZY/vendor-routing-platform/node_modules/router/lib/layer.js:152:17)\n    at next (/Users/pamidirohit/Desktop/SIGNZY/vendor-routing-platform/node_modules/router/lib/route.js:157:13)\n    at Route.dispatch (/Users/pamidirohit/Desktop/SIGNZY/vendor-routing-platform/node_modules/router/lib/route.js:117:3)\n    at handle (/Users/pamidirohit/Desktop/SIGNZY/vendor-routing-platform/node_modules/router/index.js:435:11)\n    at Layer.handleRequest (/Users/pamidirohit/Desktop/SIGNZY/vendor-routing-platform/node_modules/router/lib/layer.js:152:17)\n    at /Users/pamidirohit/Desktop/SIGNZY/vendor-routing-platform/node_modules/router/index.js:295:15\n    at processParams (/Users/pamidirohit/Desktop/SIGNZY/vendor-routing-platform/node_modules/router/index.js:582:12)\n    at next (/Users/pamidirohit/Desktop/SIGNZY/vendor-routing-platform/node_modules/router/index.js:291:5)\n    at router.handle (/Users/pamidirohit/Desktop/SIGNZY/vendor-routing-platform/node_modules/router/index.js:186:3)","timestamp":"2026-07-04T07:30:07.476Z"}
{"duration":2,"ip":"::1","level":"info","message":"GET /vendors?capability=PAN_VERIFICATION 500 2ms","method":"GET","status":500,"timestamp":"2026-07-04T07:30:07.477Z","url":"/vendors?capability=PAN_VERIFICATION"}
{"level":"error","message":"Error: Cannot set property query of #<IncomingMessage> which has only a getter","path":"/vendors","stack":"TypeError: Cannot set property query of #<IncomingMessage> which has only a getter\n    at file:///Users/pamidirohit/Desktop/SIGNZY/vendor-routing-platform/src/middlewares/validate.js:16:21\n    at Layer.handleRequest (/Users/pamidirohit/Desktop/SIGNZY/vendor-routing-platform/node_modules/router/lib/layer.js:152:17)\n    at next (/Users/pamidirohit/Desktop/SIGNZY/vendor-routing-platform/node_modules/router/lib/route.js:157:13)\n    at Route.dispatch (/Users/pamidirohit/Desktop/SIGNZY/vendor-routing-platform/node_modules/router/lib/route.js:117:3)\n    at handle (/Users/pamidirohit/Desktop/SIGNZY/vendor-routing-platform/node_modules/router/index.js:435:11)\n    at Layer.handleRequest (/Users/pamidirohit/Desktop/SIGNZY/vendor-routing-platform/node_modules/router/lib/layer.js:152:17)\n    at /Users/pamidirohit/Desktop/SIGNZY/vendor-routing-platform/node_modules/router/index.js:295:15\n    at processParams (/Users/pamidirohit/Desktop/SIGNZY/vendor-routing-platform/node_modules/router/index.js:582:12)\n    at next (/Users/pamidirohit/Desktop/SIGNZY/vendor-routing-platform/node_modules/router/index.js:291:5)\n    at router.handle (/Users/pamidirohit/Desktop/SIGNZY/vendor-routing-platform/node_modules/router/index.js:186:3)","timestamp":"2026-07-04T07:32:50.210Z"}
{"duration":2,"ip":"::1","level":"info","message":"GET /vendors?capability=PAN_VERIFICATION 500 2ms","method":"GET","status":500,"timestamp":"2026-07-04T07:32:50.212Z","url":"/vendors?capability=PAN_VERIFICATION"}
{"level":"error","message":"Error: Cannot set property query of #<IncomingMessage> which has only a getter","path":"/vendors","stack":"TypeError: Cannot set property query of #<IncomingMessage> which has only a getter\n    at file:///Users/pamidirohit/Desktop/SIGNZY/vendor-routing-platform/src/middlewares/validate.js:16:21\n    at Layer.handleRequest (/Users/pamidirohit/Desktop/SIGNZY/vendor-routing-platform/node_modules/router/lib/layer.js:152:17)\n    at next (/Users/pamidirohit/Desktop/SIGNZY/vendor-routing-platform/node_modules/router/lib/route.js:157:13)\n    at Route.dispatch (/Users/pamidirohit/Desktop/SIGNZY/vendor-routing-platform/node_modules/router/lib/route.js:117:3)\n    at handle (/Users/pamidirohit/Desktop/SIGNZY/vendor-routing-platform/node_modules/router/index.js:435:11)\n    at Layer.handleRequest (/Users/pamidirohit/Desktop/SIGNZY/vendor-routing-platform/node_modules/router/lib/layer.js:152:17)\n    at /Users/pamidirohit/Desktop/SIGNZY/vendor-routing-platform/node_modules/router/index.js:295:15\n    at processParams (/Users/pamidirohit/Desktop/SIGNZY/vendor-routing-platform/node_modules/router/index.js:582:12)\n    at next (/Users/pamidirohit/Desktop/SIGNZY/vendor-routing-platform/node_modules/router/index.js:291:5)\n    at router.handle (/Users/pamidirohit/Desktop/SIGNZY/vendor-routing-platform/node_modules/router/index.js:186:3)","timestamp":"2026-07-04T07:34:32.712Z"}
{"duration":0,"ip":"::1","level":"info","message":"GET /vendors?capability=PAN_VERIFICATION 500 0ms","method":"GET","status":500,"timestamp":"2026-07-04T07:34:32.712Z","url":"/vendors?capability=PAN_VERIFICATION"}
{"level":"info","message":"🚀 Server running on port 3000","timestamp":"2026-07-04T07:34:55.043Z"}
{"duration":6,"ip":"::1","level":"info","message":"GET /vendors?capability=PAN_VERIFICATION 200 6ms","method":"GET","status":200,"timestamp":"2026-07-04T07:35:09.935Z","url":"/vendors?capability=PAN_VERIFICATION"}
{"duration":2,"ip":"::1","level":"info","message":"GET /vendors?capability=PAN_VERIFICATION 200 2ms","method":"GET","status":200,"timestamp":"2026-07-04T07:36:57.683Z","url":"/vendors?capability=PAN_VERIFICATION"}
{"duration":97,"ip":"::1","level":"info","message":"POST /simulate/Signzy_KYC/verify?capability=PAN_VERIFICATION 200 97ms","method":"POST","status":200,"timestamp":"2026-07-04T07:38:50.715Z","url":"/simulate/Signzy_KYC/verify?capability=PAN_VERIFICATION"}
{"duration":128,"ip":"::1","level":"info","message":"POST /route 200 128ms","method":"POST","status":200,"timestamp":"2026-07-04T07:38:50.724Z","url":"/route"}
{"duration":5,"ip":"::1","level":"info","message":"POST /vendors 201 5ms","method":"POST","status":201,"timestamp":"2026-07-04T07:45:36.292Z","url":"/vendors"}
{"level":"info","message":"🚀 Server running on port 3000","timestamp":"2026-07-04T12:27:42.878Z"}
{"duration":4,"ip":"::1","level":"info","message":"POST /vendors 201 4ms","method":"POST","status":201,"timestamp":"2026-07-04T12:30:20.887Z","url":"/vendors"}
{"duration":4,"ip":"::1","level":"info","message":"POST /vendors?capability=PAN_VERIFICATION 201 4ms","method":"POST","status":201,"timestamp":"2026-07-04T12:30:33.530Z","url":"/vendors?capability=PAN_VERIFICATION"}
{"duration":5,"ip":"::1","level":"info","message":"POST /vendors 201 5ms","method":"POST","status":201,"timestamp":"2026-07-04T12:30:58.231Z","url":"/vendors"}
{"duration":3,"ip":"::1","level":"info","message":"GET /vendors?capability=PAN_VERIFICATION 200 3ms","method":"GET","status":200,"timestamp":"2026-07-04T12:31:52.725Z","url":"/vendors?capability=PAN_VERIFICATION"}
{"duration":1,"ip":"::1","level":"info","message":"GET /vendors?capability=DL_VERIFICATION 200 1ms","method":"GET","status":200,"timestamp":"2026-07-04T12:33:04.458Z","url":"/vendors?capability=DL_VERIFICATION"}
{"duration":5,"ip":"::1","level":"info","message":"POST /vendors 201 5ms","method":"POST","status":201,"timestamp":"2026-07-04T12:33:43.347Z","url":"/vendors"}
{"duration":121,"ip":"::1","level":"info","message":"POST /simulate/VendorA/verify?isDown=true&capability=DL_VERIFICATION 503 121ms","method":"POST","status":503,"timestamp":"2026-07-04T12:34:16.580Z","url":"/simulate/VendorA/verify?isDown=true&capability=DL_VERIFICATION"}
{"duration":113,"ip":"::1","level":"info","message":"POST /simulate/VendorB/verify?capability=DL_VERIFICATION 200 113ms","method":"POST","status":200,"timestamp":"2026-07-04T12:34:16.699Z","url":"/simulate/VendorB/verify?capability=DL_VERIFICATION"}
{"duration":250,"ip":"::1","level":"info","message":"POST /route 200 250ms","method":"POST","status":200,"timestamp":"2026-07-04T12:34:16.703Z","url":"/route"}
{"duration":2,"ip":"::1","level":"info","message":"GET /vendor-metrics 200 2ms","method":"GET","status":200,"timestamp":"2026-07-04T12:35:24.027Z","url":"/vendor-metrics"}
{"duration":7,"ip":"::1","level":"info","message":"GET /routing-logs?page=1&limit=5 200 7ms","method":"GET","status":200,"timestamp":"2026-07-04T12:36:19.345Z","url":"/routing-logs?page=1&limit=5"}
{"level":"info","message":"🚀 Server running on port 3000","timestamp":"2026-07-04T12:48:16.911Z"}
{"level":"info","message":"🚀 Server running on port 3000","timestamp":"2026-07-04T12:49:07.537Z"}
